TN:
SF:models\automation.js
FN:132,(anonymous_0)
FN:144,(anonymous_1)
FN:152,(anonymous_2)
FN:158,(anonymous_3)
FN:165,(anonymous_4)
FN:169,(anonymous_5)
FNF:6
FNH:0
FNDA:0,(anonymous_0)
FNDA:0,(anonymous_1)
FNDA:0,(anonymous_2)
FNDA:0,(anonymous_3)
FNDA:0,(anonymous_4)
FNDA:0,(anonymous_5)
DA:1,1
DA:3,1
DA:127,1
DA:128,1
DA:129,1
DA:132,1
DA:133,0
DA:134,0
DA:135,0
DA:141,0
DA:144,1
DA:145,0
DA:146,0
DA:147,0
DA:149,0
DA:152,1
DA:153,0
DA:154,0
DA:155,0
DA:158,1
DA:159,0
DA:160,0
DA:161,0
DA:165,1
DA:166,0
DA:169,1
DA:170,0
DA:173,1
DA:175,1
LF:29
LH:13
BRDA:132,0,0,0
BRDA:134,1,0,0
BRDA:134,1,1,0
BRDA:145,2,0,0
BRDA:145,2,1,0
BRF:5
BRH:0
end_of_record
TN:
SF:routes\portfolio.js
FN:7,(anonymous_0)
FN:17,(anonymous_1)
FN:27,(anonymous_2)
FN:37,(anonymous_3)
FNF:4
FNH:0
FNDA:0,(anonymous_0)
FNDA:0,(anonymous_1)
FNDA:0,(anonymous_2)
FNDA:0,(anonymous_3)
DA:1,1
DA:2,1
DA:3,1
DA:4,1
DA:7,1
DA:8,0
DA:9,0
DA:10,0
DA:12,0
DA:17,1
DA:18,0
DA:19,0
DA:20,0
DA:22,0
DA:27,1
DA:28,0
DA:29,0
DA:30,0
DA:32,0
DA:37,1
DA:38,0
DA:39,0
DA:40,0
DA:45,0
DA:47,0
DA:51,1
LF:26
LH:9
BRDA:39,0,0,0
BRDA:39,1,0,0
BRF:2
BRH:0
end_of_record
TN:
SF:routes\risk.js
FN:7,(anonymous_0)
FN:19,(anonymous_1)
FNF:2
FNH:1
FNDA:3,(anonymous_0)
FNDA:0,(anonymous_1)
DA:1,1
DA:2,1
DA:3,1
DA:4,1
DA:7,1
DA:8,3
DA:9,3
DA:12,0
DA:14,3
DA:19,1
DA:20,0
DA:21,0
DA:22,0
DA:26,0
DA:28,0
DA:32,1
LF:16
LH:10
BRF:0
BRH:0
end_of_record
TN:
SF:routes\trades.js
FN:7,(anonymous_0)
FN:34,(anonymous_1)
FNF:2
FNH:2
FNDA:3,(anonymous_0)
FNDA:3,(anonymous_1)
DA:1,1
DA:2,1
DA:3,1
DA:4,1
DA:7,1
DA:8,3
DA:9,3
DA:11,3
DA:12,1
DA:18,2
DA:20,1
DA:25,1
DA:26,1
DA:34,1
DA:35,3
DA:36,3
DA:38,3
DA:39,1
DA:45,2
DA:47,1
DA:52,1
DA:53,1
DA:63,1
LF:23
LH:23
BRDA:11,0,0,1
BRDA:11,0,1,2
BRDA:38,1,0,1
BRDA:38,1,1,2
BRF:4
BRH:4
end_of_record
TN:
SF:services\aiService.js
FN:5,(anonymous_0)
FN:15,(anonymous_1)
FN:26,(anonymous_2)
FN:41,(anonymous_3)
FN:50,(anonymous_4)
FN:54,(anonymous_5)
FN:69,(anonymous_6)
FN:78,(anonymous_7)
FN:82,(anonymous_8)
FN:93,(anonymous_9)
FN:107,(anonymous_10)
FN:123,(anonymous_11)
FN:129,(anonymous_12)
FN:141,(anonymous_13)
FN:147,(anonymous_14)
FN:148,(anonymous_15)
FN:161,(anonymous_16)
FN:168,(anonymous_17)
FN:169,(anonymous_18)
FN:180,(anonymous_19)
FN:243,(anonymous_20)
FN:251,(anonymous_21)
FN:270,(anonymous_22)
FN:296,(anonymous_23)
FN:304,(anonymous_24)
FN:309,(anonymous_25)
FN:318,(anonymous_26)
FN:332,(anonymous_27)
FN:335,(anonymous_28)
FN:347,(anonymous_29)
FN:372,(anonymous_30)
FN:408,(anonymous_31)
FN:418,(anonymous_32)
FN:432,(anonymous_33)
FN:437,(anonymous_34)
FNF:35
FNH:26
FNDA:3,(anonymous_0)
FNDA:0,(anonymous_1)
FNDA:0,(anonymous_2)
FNDA:7,(anonymous_3)
FNDA:12,(anonymous_4)
FNDA:12,(anonymous_5)
FNDA:4,(anonymous_6)
FNDA:6,(anonymous_7)
FNDA:6,(anonymous_8)
FNDA:4,(anonymous_9)
FNDA:6,(anonymous_10)
FNDA:3,(anonymous_11)
FNDA:0,(anonymous_12)
FNDA:3,(anonymous_13)
FNDA:0,(anonymous_14)
FNDA:0,(anonymous_15)
FNDA:0,(anonymous_16)
FNDA:0,(anonymous_17)
FNDA:0,(anonymous_18)
FNDA:4,(anonymous_19)
FNDA:4,(anonymous_20)
FNDA:4,(anonymous_21)
FNDA:2,(anonymous_22)
FNDA:2,(anonymous_23)
FNDA:2,(anonymous_24)
FNDA:4,(anonymous_25)
FNDA:2,(anonymous_26)
FNDA:2,(anonymous_27)
FNDA:4,(anonymous_28)
FNDA:2,(anonymous_29)
FNDA:2,(anonymous_30)
FNDA:2,(anonymous_31)
FNDA:8,(anonymous_32)
FNDA:2,(anonymous_33)
FNDA:0,(anonymous_34)
DA:1,3
DA:2,3
DA:6,3
DA:7,3
DA:16,0
DA:17,0
DA:18,0
DA:19,0
DA:21,0
DA:22,0
DA:27,0
DA:28,0
DA:34,0
DA:36,0
DA:37,0
DA:42,7
DA:43,7
DA:44,0
DA:47,7
DA:50,12
DA:51,7
DA:54,12
DA:55,7
DA:58,6
DA:62,6
DA:64,1
DA:65,1
DA:70,4
DA:71,4
DA:73,4
DA:74,1
DA:78,6
DA:79,3
DA:82,6
DA:83,3
DA:86,3
DA:88,0
DA:89,0
DA:94,4
DA:95,4
DA:97,4
DA:98,1
DA:107,6
DA:108,3
DA:109,3
DA:111,3
DA:118,0
DA:119,0
DA:124,3
DA:125,3
DA:126,3
DA:129,0
DA:130,0
DA:131,0
DA:132,0
DA:134,0
DA:136,0
DA:137,0
DA:142,3
DA:143,3
DA:144,3
DA:147,0
DA:148,0
DA:150,0
DA:151,0
DA:152,0
DA:154,0
DA:156,0
DA:157,0
DA:162,0
DA:163,0
DA:164,0
DA:167,0
DA:168,0
DA:169,0
DA:172,0
DA:173,0
DA:175,0
DA:176,0
DA:181,4
DA:182,4
DA:187,4
DA:190,4
DA:191,0
DA:200,4
DA:201,4
DA:210,4
DA:211,4
DA:212,4
DA:221,4
DA:222,1
DA:230,4
DA:238,0
DA:239,0
DA:244,4
DA:245,4
DA:246,4
DA:247,3
DA:248,3
DA:252,4
DA:254,4
DA:255,0
DA:257,4
DA:258,1
DA:260,4
DA:261,4
DA:263,4
DA:264,0
DA:267,4
DA:271,2
DA:272,2
DA:275,2
DA:278,2
DA:279,2
DA:282,2
DA:284,2
DA:291,0
DA:292,0
DA:297,2
DA:299,2
DA:300,2
DA:301,2
DA:305,2
DA:306,2
DA:309,2
DA:310,4
DA:311,2
DA:315,2
DA:319,2
DA:320,2
DA:322,2
DA:323,0
DA:325,2
DA:326,0
DA:329,2
DA:333,2
DA:335,2
DA:336,4
DA:337,4
DA:338,4
DA:339,1
DA:340,1
DA:341,1
DA:344,2
DA:348,2
DA:349,2
DA:352,2
DA:355,2
DA:358,2
DA:360,2
DA:367,0
DA:368,0
DA:373,2
DA:380,2
DA:382,0
DA:383,0
DA:384,0
DA:385,0
DA:387,1
DA:388,1
DA:389,1
DA:390,1
DA:391,1
DA:393,0
DA:394,0
DA:395,0
DA:396,0
DA:397,0
DA:399,1
DA:400,1
DA:401,1
DA:402,1
DA:405,2
DA:410,2
DA:417,2
DA:418,8
DA:422,2
DA:423,2
DA:425,2
DA:434,2
DA:438,0
DA:439,0
DA:447,0
DA:449,0
DA:450,0
DA:455,3
LF:186
LH:120
BRDA:15,0,0,0
BRDA:43,1,0,0
BRDA:43,1,1,7
BRDA:43,2,0,7
BRDA:43,2,1,7
BRDA:47,3,0,0
BRDA:47,4,0,7
BRDA:50,5,0,12
BRDA:50,5,1,12
BRDA:51,6,0,6
BRDA:51,6,1,1
BRDA:55,7,0,7
BRDA:55,7,1,6
BRDA:71,8,0,0
BRDA:73,9,0,1
BRDA:73,9,1,3
BRDA:95,10,0,0
BRDA:95,11,0,4
BRDA:97,12,0,1
BRDA:97,12,1,3
BRDA:107,13,0,6
BRDA:107,13,1,6
BRDA:125,14,0,3
BRDA:125,14,1,0
BRDA:125,15,0,3
BRDA:125,15,1,3
BRDA:129,16,0,0
BRDA:129,16,1,0
BRDA:134,17,0,0
BRDA:134,17,1,0
BRDA:143,18,0,3
BRDA:143,18,1,0
BRDA:143,19,0,3
BRDA:143,19,1,3
BRDA:147,20,0,0
BRDA:147,20,1,0
BRDA:148,21,0,0
BRDA:148,21,1,0
BRDA:163,22,0,0
BRDA:163,22,1,0
BRDA:163,23,0,0
BRDA:163,23,1,0
BRDA:163,23,2,0
BRDA:173,24,0,0
BRDA:173,24,1,0
BRDA:190,25,0,0
BRDA:190,25,1,4
BRDA:200,26,0,4
BRDA:200,26,1,0
BRDA:211,27,0,4
BRDA:211,27,1,0
BRDA:221,28,0,1
BRDA:221,28,1,3
BRDA:221,29,0,4
BRDA:221,29,1,4
BRDA:221,29,2,4
BRDA:244,30,0,0
BRDA:244,30,1,4
BRDA:245,31,0,0
BRDA:245,31,1,4
BRDA:246,32,0,1
BRDA:246,32,1,3
BRDA:247,33,0,0
BRDA:247,33,1,3
BRDA:254,34,0,0
BRDA:254,34,1,4
BRDA:257,35,0,1
BRDA:257,35,1,3
BRDA:260,36,0,4
BRDA:260,36,1,0
BRDA:263,37,0,0
BRDA:263,37,1,4
BRDA:272,38,0,2
BRDA:272,39,0,0
BRDA:297,40,0,2
BRDA:297,41,0,2
BRDA:297,42,0,2
BRDA:299,43,0,0
BRDA:299,43,1,2
BRDA:299,44,0,2
BRDA:299,44,1,0
BRDA:300,45,0,0
BRDA:300,45,1,2
BRDA:300,46,0,2
BRDA:300,46,1,0
BRDA:306,47,0,0
BRDA:310,48,0,2
BRDA:310,48,1,2
BRDA:320,49,0,2
BRDA:322,50,0,0
BRDA:322,50,1,2
BRDA:325,51,0,0
BRDA:325,51,1,2
BRDA:337,52,0,0
BRDA:337,52,1,4
BRDA:338,53,0,3
BRDA:338,53,1,1
BRDA:339,54,0,0
BRDA:339,54,1,1
BRDA:340,55,0,0
BRDA:340,55,1,1
BRDA:349,56,0,0
BRDA:349,57,0,1
BRDA:380,58,0,0
BRDA:380,58,1,1
BRDA:380,58,2,0
BRDA:380,58,3,1
BRF:107
BRH:62
end_of_record
TN:
SF:services\alertService.js
FN:6,(anonymous_0)
FN:11,(anonymous_1)
FN:17,(anonymous_2)
FN:21,(anonymous_3)
FN:25,(anonymous_4)
FN:32,(anonymous_5)
FN:50,(anonymous_6)
FN:59,(anonymous_7)
FN:70,(anonymous_8)
FN:76,(anonymous_9)
FN:82,(anonymous_10)
FN:88,(anonymous_11)
FN:103,(anonymous_12)
FN:135,(anonymous_13)
FN:148,(anonymous_14)
FN:160,(anonymous_15)
FN:171,(anonymous_16)
FN:177,(anonymous_17)
FNF:18
FNH:1
FNDA:3,(anonymous_0)
FNDA:0,(anonymous_1)
FNDA:0,(anonymous_2)
FNDA:0,(anonymous_3)
FNDA:0,(anonymous_4)
FNDA:0,(anonymous_5)
FNDA:0,(anonymous_6)
FNDA:0,(anonymous_7)
FNDA:0,(anonymous_8)
FNDA:0,(anonymous_9)
FNDA:0,(anonymous_10)
FNDA:0,(anonymous_11)
FNDA:0,(anonymous_12)
FNDA:0,(anonymous_13)
FNDA:0,(anonymous_14)
FNDA:0,(anonymous_15)
FNDA:0,(anonymous_16)
FNDA:0,(anonymous_17)
DA:1,3
DA:2,3
DA:3,3
DA:7,3
DA:8,3
DA:12,0
DA:13,0
DA:14,0
DA:18,0
DA:22,0
DA:23,0
DA:24,0
DA:25,0
DA:27,0
DA:33,0
DA:41,0
DA:42,0
DA:43,0
DA:45,0
DA:51,0
DA:52,0
DA:54,0
DA:55,0
DA:61,0
DA:69,0
DA:70,0
DA:79,0
DA:85,0
DA:89,0
DA:91,0
DA:93,0
DA:95,0
DA:97,0
DA:99,0
DA:104,0
DA:107,0
DA:115,0
DA:124,0
DA:136,0
DA:138,0
DA:140,0
DA:142,0
DA:144,0
DA:149,0
DA:161,0
DA:172,0
DA:178,0
DA:185,3
LF:48
LH:6
BRDA:12,0,0,0
BRDA:12,0,1,0
BRDA:54,1,0,0
BRDA:54,1,1,0
BRDA:89,2,0,0
BRDA:89,2,1,0
BRDA:89,2,2,0
BRDA:89,2,3,0
BRDA:89,2,4,0
BRDA:136,3,0,0
BRDA:136,3,1,0
BRDA:136,3,2,0
BRDA:136,3,3,0
BRF:13
BRH:0
end_of_record
TN:
SF:services\automationService.js
FN:12,(anonymous_0)
FN:18,(anonymous_1)
FN:52,(anonymous_2)
FN:73,(anonymous_3)
FN:84,(anonymous_4)
FN:102,(anonymous_5)
FN:123,(anonymous_6)
FN:139,(anonymous_7)
FN:156,(anonymous_8)
FN:158,(anonymous_9)
FN:167,(anonymous_10)
FN:169,(anonymous_11)
FN:178,(anonymous_12)
FN:200,(anonymous_13)
FNF:14
FNH:1
FNDA:1,(anonymous_0)
FNDA:0,(anonymous_1)
FNDA:0,(anonymous_2)
FNDA:0,(anonymous_3)
FNDA:0,(anonymous_4)
FNDA:0,(anonymous_5)
FNDA:0,(anonymous_6)
FNDA:0,(anonymous_7)
FNDA:0,(anonymous_8)
FNDA:0,(anonymous_9)
FNDA:0,(anonymous_10)
FNDA:0,(anonymous_11)
FNDA:0,(anonymous_12)
FNDA:0,(anonymous_13)
DA:1,1
DA:2,1
DA:3,1
DA:4,1
DA:5,1
DA:6,1
DA:7,1
DA:8,1
DA:9,1
DA:13,1
DA:14,1
DA:15,1
DA:19,0
DA:21,0
DA:22,0
DA:23,0
DA:27,0
DA:28,0
DA:29,0
DA:33,0
DA:36,0
DA:39,0
DA:42,0
DA:44,0
DA:45,0
DA:47,0
DA:48,0
DA:53,0
DA:54,0
DA:55,0
DA:58,0
DA:61,0
DA:66,0
DA:68,0
DA:69,0
DA:74,0
DA:75,0
DA:76,0
DA:77,0
DA:79,0
DA:80,0
DA:85,0
DA:87,0
DA:95,0
DA:97,0
DA:98,0
DA:103,0
DA:105,0
DA:112,0
DA:113,0
DA:116,0
DA:118,0
DA:119,0
DA:124,0
DA:125,0
DA:132,0
DA:134,0
DA:135,0
DA:140,0
DA:141,0
DA:148,0
DA:149,0
DA:151,0
DA:152,0
DA:158,0
DA:159,0
DA:160,0
DA:162,0
DA:169,0
DA:170,0
DA:171,0
DA:173,0
DA:179,0
DA:181,0
DA:184,0
DA:187,0
DA:190,0
DA:193,0
DA:195,0
DA:196,0
DA:201,0
DA:203,0
DA:206,0
DA:212,0
DA:213,0
DA:216,0
DA:217,0
DA:222,1
LF:88
LH:13
BRDA:22,0,0,0
BRDA:22,0,1,0
BRDA:28,1,0,0
BRDA:28,1,1,0
BRDA:212,2,0,0
BRDA:212,2,1,0
BRF:6
BRH:0
end_of_record
TN:
SF:services\notificationService.js
FN:5,(anonymous_0)
FN:17,(anonymous_1)
FN:33,(anonymous_2)
FN:52,(anonymous_3)
FN:73,(anonymous_4)
FN:87,(anonymous_5)
FNF:6
FNH:6
FNDA:4,(anonymous_0)
FNDA:5,(anonymous_1)
FNDA:1,(anonymous_2)
FNDA:1,(anonymous_3)
FNDA:1,(anonymous_4)
FNDA:1,(anonymous_5)
DA:1,4
DA:2,4
DA:6,4
DA:18,5
DA:19,5
DA:25,0
DA:26,0
DA:28,5
DA:29,5
DA:34,1
DA:35,1
DA:49,1
DA:53,1
DA:54,1
DA:70,1
DA:74,1
DA:75,1
DA:76,1
DA:84,1
DA:88,1
DA:89,1
DA:90,1
DA:98,1
DA:102,4
LF:24
LH:22
BRF:0
BRH:0
end_of_record
TN:
SF:utils\db.js
FN:3,(anonymous_0)
FNF:1
FNH:0
FNDA:0,(anonymous_0)
DA:1,3
DA:3,3
DA:4,0
DA:5,0
DA:9,0
DA:11,0
DA:12,0
DA:16,3
LF:8
LH:3
BRF:0
BRH:0
end_of_record
TN:
SF:utils\encryption.js
FN:6,encrypt
FN:13,decrypt
FNF:2
FNH:0
FNDA:0,encrypt
FNDA:0,decrypt
DA:1,1
DA:2,1
DA:3,1
DA:4,1
DA:7,0
DA:8,0
DA:9,0
DA:10,0
DA:14,0
DA:15,0
DA:16,0
DA:17,0
DA:18,0
DA:21,1
LF:14
LH:5
BRF:0
BRH:0
end_of_record
TN:
SF:utils\formatting.js
FN:7,formatCurrency
FN:21,formatRiskLevel
FN:51,formatPercentage
FN:62,formatDateTime
FN:74,formatLargeNumber
FNF:5
FNH:2
FNDA:2,formatCurrency
FNDA:1,formatRiskLevel
FNDA:0,formatPercentage
FNDA:0,formatDateTime
FNDA:0,formatLargeNumber
DA:8,2
DA:25,1
DA:26,0
DA:27,0
DA:28,1
DA:29,0
DA:30,0
DA:31,1
DA:32,1
DA:33,1
DA:34,0
DA:35,0
DA:36,0
DA:38,0
DA:39,0
DA:42,1
DA:52,0
DA:53,0
DA:63,0
DA:75,0
DA:76,0
DA:77,0
DA:79,0
DA:80,0
DA:81,0
DA:84,0
DA:87,4
LF:27
LH:8
BRDA:7,0,0,2
BRDA:25,1,0,0
BRDA:25,1,1,1
BRDA:28,2,0,0
BRDA:28,2,1,1
BRDA:31,3,0,1
BRDA:31,3,1,0
BRDA:34,4,0,0
BRDA:34,4,1,0
BRDA:51,5,0,0
BRDA:52,6,0,0
BRDA:52,6,1,0
BRDA:62,7,0,0
BRDA:79,8,0,0
BRDA:79,8,1,0
BRF:15
BRH:4
end_of_record
TN:
SF:utils\validation.js
FN:9,(anonymous_0)
FN:27,(anonymous_1)
FN:78,(anonymous_2)
FN:114,(anonymous_3)
FN:142,(anonymous_4)
FNF:5
FNH:0
FNDA:0,(anonymous_0)
FNDA:0,(anonymous_1)
FNDA:0,(anonymous_2)
FNDA:0,(anonymous_3)
FNDA:0,(anonymous_4)
DA:1,1
DA:2,1
DA:9,1
DA:10,0
DA:11,0
DA:12,0
DA:13,0
DA:15,0
DA:16,0
DA:27,1
DA:28,0
DA:29,0
DA:30,0
DA:37,0
DA:38,0
DA:45,0
DA:46,0
DA:53,0
DA:54,0
DA:55,0
DA:61,0
DA:65,0
DA:66,0
DA:78,1
DA:79,0
DA:80,0
DA:87,0
DA:88,0
DA:89,0
DA:96,0
DA:100,0
DA:101,0
DA:114,1
DA:115,0
DA:116,0
DA:117,0
DA:118,0
DA:124,0
DA:129,0
DA:130,0
DA:142,1
DA:143,0
DA:145,0
DA:146,0
DA:147,0
DA:154,0
DA:155,0
DA:161,0
DA:165,0
DA:166,0
DA:173,1
LF:51
LH:8
BRDA:11,0,0,0
BRDA:11,0,1,0
BRDA:29,1,0,0
BRDA:29,1,1,0
BRDA:29,2,0,0
BRDA:29,2,1,0
BRDA:37,3,0,0
BRDA:37,3,1,0
BRDA:45,4,0,0
BRDA:45,4,1,0
BRDA:54,5,0,0
BRDA:54,5,1,0
BRDA:88,6,0,0
BRDA:88,6,1,0
BRDA:117,7,0,0
BRDA:117,7,1,0
BRDA:146,8,0,0
BRDA:146,8,1,0
BRDA:154,9,0,0
BRDA:154,9,1,0
BRF:20
BRH:0
end_of_record
